----26/03/2023 v1.0.0----
- Configure allowable URLs to redirect
- Allows configuration to change Endpoint URL

----27/03/2023 v1.0.2----
-- Add configuration for endpoint, urls, image, excerpt, related post, comment and fix js
-- Optimization code fomat, change logic
-- Add countdown config

----29/03/2023 v1.0.3----
-- Add Enable/Disable plugin
-- Add config: Text Complete
-- Add config: Element excluded
-- Add config: Display mode
-- Add config: Auto-redirect
-- Add config: Replace waiting text
-- Add config: Custom Style
-- Fix JS bug, update date CSS
-- Add link setting plugin

----01/05/2023 v1.0.4----
-- Fix JS bug, update date CSS
-- Design endpoint template
-- Add cookie time, config
-- Add Advertising Settings config
-- Optimization CSS, JS File
-- Fix bug template
-- Set noindex endpoint page if use rankmath,yoast,allinone-seo-pack
-- Add option delete option after remove plugin


----02/05/2023 v1.0.5----
-- Change Endpoint URL, remove ID URL
-- Update config

----26/10/2023 v1.0.6----
-- Update config list download
-- Fix bug progress not working mobile
-- Change logic countdown