[2024-01-23 15:55:32 : INFO] - Could not find file for image: ID=15115, file=/var/www/vhosts/itsmeit.co/httpdocs/wp-content/uploads/2023/02/demo-theme-wordpress-bat-dong-sa.jpg 
[2024-01-23 15:55:32 : INFO] - Could not find file for image: ID=13472, file=/var/www/vhosts/itsmeit.co/httpdocs/wp-content/uploads/2022/11/how-to-fix-facebook-comments-slowing-down-your-website4.jpg 
[2024-01-23 15:55:32 : INFO] - Could not find file for image: ID=13471, file=/var/www/vhosts/itsmeit.co/httpdocs/wp-content/uploads/2022/11/how-to-fix-facebook-comments-slowing-down-your-website3.jpg 
[2024-01-23 15:55:32 : INFO] - Could not find file for image: ID=13459, file=/var/www/vhosts/itsmeit.co/httpdocs/wp-content/uploads/2022/11/how-to-fix-facebook-comments-slowing-down-your-website2.jpg 
[2024-01-23 15:55:32 : INFO] - Could not find file for image: ID=13458, file=/var/www/vhosts/itsmeit.co/httpdocs/wp-content/uploads/2022/11/how-to-fix-facebook-comments-slowing-down-your-website1.jpg 
[2024-01-23 15:55:32 : INFO] - Could not find file for image: ID=13203, file=/var/www/vhosts/itsmeit.co/httpdocs/wp-content/uploads/2022/10/how-to-fix-ads-google-adsense-slow-down-website3.jpg 
[2024-01-23 15:55:32 : INFO] - Could not find file for image: ID=12827, file=/var/www/vhosts/itsmeit.co/httpdocs/wp-content/uploads/2022/10/claue-v2-1-9-fashion-theme-elementor-woocommerce2.jpg 
[2024-01-23 15:55:32 : INFO] - Could not find file for image: ID=12826, file=/var/www/vhosts/itsmeit.co/httpdocs/wp-content/uploads/2022/10/claue-v2-1-9-fashion-theme-elementor-woocommerce1.jpg 
[2024-01-23 15:55:32 : INFO] - Could not find file for image: ID=12736, file=/var/www/vhosts/itsmeit.co/httpdocs/wp-content/uploads/2022/10/shopme-v1-6-2-multi-vendor-woocommerce-theme2.jpg 
[2024-01-23 15:55:32 : INFO] - Could not find file for image: ID=12735, file=/var/www/vhosts/itsmeit.co/httpdocs/wp-content/uploads/2022/10/shopme-v1-6-2-multi-vendor-woocommerce-theme1.jpg 
[2024-01-23 15:55:32 : INFO] - Could not find file for image: ID=12729, file=/var/www/vhosts/itsmeit.co/httpdocs/wp-content/uploads/2022/10/jnews-v10-8-0-wordpress-newspaper-magazine-blog-amp1.jpg 
[2024-01-23 15:55:32 : INFO] - Could not find file for image: ID=12554, file=/var/www/vhosts/itsmeit.co/httpdocs/wp-content/uploads/2022/10/soledad-v8-2-7-multi-concept-blog-magazine-theme1.jpg 
[2024-01-23 15:55:32 : INFO] - Could not find file for image: ID=12429, file=/var/www/vhosts/itsmeit.co/httpdocs/wp-content/uploads/2022/09/rank-math-pro-v3-0-21-wordpress-seo-plugin1.jpg 
[2024-01-23 15:55:32 : INFO] - Could not find file for image: ID=12366, file=/var/www/vhosts/itsmeit.co/httpdocs/wp-content/uploads/2022/09/emarket-v6-3-0-multi-vendor-marketplace-wp-theme4.jpg 
[2024-01-23 15:55:32 : INFO] - Could not find file for image: ID=12324, file=/var/www/vhosts/itsmeit.co/httpdocs/wp-content/uploads/2022/09/plugin-elementor-pro-v3-7-7-full-templates-pack1.jpg 
[2024-01-23 15:55:32 : INFO] - Could not find file for image: ID=12038, file=/var/www/vhosts/itsmeit.co/httpdocs/wp-content/uploads/2022/09/soledad-v8-2-5-multi-concept-blog-magazine-theme3.jpg 
[2024-01-23 15:55:32 : INFO] - Could not find file for image: ID=11976, file=/var/www/vhosts/itsmeit.co/httpdocs/wp-content/uploads/2022/09/newsplus-v403-best-wordpress-themes-for-blogs1.jpg 
[2024-01-23 15:55:32 : INFO] - Could not find file for image: ID=11932, file=/var/www/vhosts/itsmeit.co/httpdocs/wp-content/uploads/2022/09/xtocky-v26-wordpress-woocommerce-responsive-theme1.jpg 
[2024-01-23 15:55:32 : INFO] - Image ID=11915, File=/var/www/vhosts/itsmeit.co/httpdocs/wp-content/uploads/2022/09/ This image type is not supported. 
[2024-01-23 15:55:32 : INFO] - Could not find file for image: ID=11121, file=/var/www/vhosts/itsmeit.co/httpdocs/wp-content/uploads/2022/06/newspaper-best-beautiful-wordpress-theme-news-magazine.jpg 
